<?xml version="1.0" encoding="UTF-8"?>
<robot generator="Robot 6.0.1 (Python 3.8.10 on linux)" generated="20221123 14:33:04.618" rpa="false" schemaversion="3">
<suite id="s1" name="Tests" source="/home/borna/ohtu_mini_projekti/src/tests">
<suite id="s1-s1" name="Home" source="/home/borna/ohtu_mini_projekti/src/tests/home.robot">
<kw name="Open And Configure Browser" library="resource" type="SETUP">
<kw name="Open Browser" library="SeleniumLibrary">
<arg>browser=${BROWSER}</arg>
<doc>Opens a new browser instance to the optional ``url``.</doc>
<msg timestamp="20221123 14:33:04.702" level="INFO">Opening browser 'headlesschrome' to base url 'None'.</msg>
<status status="PASS" starttime="20221123 14:33:04.701" endtime="20221123 14:33:05.284"/>
</kw>
<kw name="Maximize Browser Window" library="SeleniumLibrary">
<doc>Maximizes current browser window.</doc>
<status status="PASS" starttime="20221123 14:33:05.285" endtime="20221123 14:33:05.390"/>
</kw>
<kw name="Set Selenium Speed" library="SeleniumLibrary">
<arg>${DELAY}</arg>
<doc>Sets the delay that is waited after each Selenium command.</doc>
<status status="PASS" starttime="20221123 14:33:05.390" endtime="20221123 14:33:05.391"/>
</kw>
<status status="PASS" starttime="20221123 14:33:04.701" endtime="20221123 14:33:05.391"/>
</kw>
<test id="s1-s1-t1" name="Main Page Should Be Open" line="9">
<kw name="Go To Main Page" type="SETUP">
<kw name="Go To" library="SeleniumLibrary">
<arg>${HOME URL}</arg>
<doc>Navigates the current browser window to the provided ``url``.</doc>
<msg timestamp="20221123 14:33:05.394" level="INFO">Opening url 'http://localhost:5000'</msg>
<status status="PASS" starttime="20221123 14:33:05.393" endtime="20221123 14:33:05.442"/>
</kw>
<status status="PASS" starttime="20221123 14:33:05.393" endtime="20221123 14:33:05.442"/>
</kw>
<kw name="Title Should Be" library="SeleniumLibrary">
<arg>- Flaskr</arg>
<doc>Verifies that the current page title equals ``title``.</doc>
<msg timestamp="20221123 14:33:05.445" level="INFO">Page title is '- Flaskr'.</msg>
<status status="PASS" starttime="20221123 14:33:05.442" endtime="20221123 14:33:05.445"/>
</kw>
<status status="PASS" starttime="20221123 14:33:05.391" endtime="20221123 14:33:05.445"/>
</test>
<kw name="Close Browser" library="SeleniumLibrary" type="TEARDOWN">
<doc>Closes the current browser.</doc>
<status status="PASS" starttime="20221123 14:33:05.446" endtime="20221123 14:33:05.504"/>
</kw>
<status status="PASS" starttime="20221123 14:33:04.628" endtime="20221123 14:33:05.505"/>
</suite>
<status status="PASS" starttime="20221123 14:33:04.618" endtime="20221123 14:33:05.506"/>
</suite>
<statistics>
<total>
<stat pass="1" fail="0" skip="0">All Tests</stat>
</total>
<tag>
</tag>
<suite>
<stat pass="1" fail="0" skip="0" id="s1" name="Tests">Tests</stat>
<stat pass="1" fail="0" skip="0" id="s1-s1" name="Home">Tests.Home</stat>
</suite>
</statistics>
<errors>
</errors>
</robot>
